{"/Users/macbookair/hack-reactor/viamis/review-module/testsSetup.js": {"path":"/Users/macbookair/hack-reactor/viamis/review-module/testsSetup.js","statementMap":{"0":{"start":{"line":4,"column":0},"end":{"line":4,"column":45}}},"fnMap":{},"branchMap":{},"s":{"0":2},"f":{},"b":{},"_coverageSchema":"332fd63041d2c1bcb487cc26dd0d5f7d97098a6c","hash":"49e1ee5b1dc2c1af6b67649e9621e80205145fd3"}
,"/Users/macbookair/hack-reactor/viamis/review-module/src/service.jsx": {"path":"/Users/macbookair/hack-reactor/viamis/review-module/src/service.jsx","statementMap":{"0":{"start":{"line":3,"column":16},"end":{"line":9,"column":1}},"1":{"start":{"line":4,"column":2},"end":{"line":8,"column":4}}},"fnMap":{"0":{"name":"(anonymous_0)","decl":{"start":{"line":3,"column":16},"end":{"line":3,"column":17}},"loc":{"start":{"line":3,"column":22},"end":{"line":9,"column":1}},"line":3}},"branchMap":{},"s":{"0":1,"1":1},"f":{"0":1},"b":{},"_coverageSchema":"332fd63041d2c1bcb487cc26dd0d5f7d97098a6c","hash":"dbd4b2c8af897bdfd516064a6682d924dc02c471"}
}
